<?xml version="1.0" encoding="UTF-8"?>
<testsuite xmlns:xsi="http://www.w3.org/2001/XMLSchema-instance" xsi:noNamespaceSchemaLocation="https://maven.apache.org/surefire/maven-surefire-plugin/xsd/surefire-test-report.xsd" version="3.0.2" name="com.govtech.restaurantpicker.SessionFlowIntegrationTest" time="1.111" tests="4" errors="0" skipped="0" failures="0">
  <properties>
[...]
</properties>
  <testcase name="submitRestaurant_shouldFail_whenSessionAlreadyEnded" classname="com.govtech.restaurantpicker.SessionFlowIntegrationTest" time="0.088">
    <system-out><![CDATA[2026-01-13T14:27:34.448+05:30  INFO 26140 --- [restaurantpicker] [           main] t.c.s.AnnotationConfigContextLoaderUtils : Could not detect default configuration classes for test class [com.govtech.restaurantpicker.SessionFlowIntegrationTest]: SessionFlowIntegrationTest does not declare any static, non-private, non-final, nested classes annotated with @Configuration.
2026-01-13T14:27:34.452+05:30  INFO 26140 --- [restaurantpicker] [           main] .b.t.c.SpringBootTestContextBootstrapper : Found @SpringBootConfiguration com.govtech.restaurantpicker.RestaurantPickerApplication for test class com.govtech.restaurantpicker.SessionFlowIntegrationTest

  .   ____          _            __ _ _
 /\\ / ___'_ __ _ _(_)_ __  __ _ \ \ \ \
( ( )\___ | '_ | '_| | '_ \/ _` | \ \ \ \
 \\/  ___)| |_)| | | | | || (_| |  ) ) ) )
  '  |____| .__|_| |_|_| |_\__, | / / / /
 =========|_|==============|___/=/_/_/_/

 :: Spring Boot ::                (v3.5.9)

2026-01-13T14:27:34.503+05:30  INFO 26140 --- [restaurantpicker] [           main] c.g.r.SessionFlowIntegrationTest         : Starting SessionFlowIntegrationTest using Java 17.0.15 with PID 26140 (started by DELL in C:\Users\DELL\MyProject\govtech\restaurantpicker)
2026-01-13T14:27:34.504+05:30  INFO 26140 --- [restaurantpicker] [           main] c.g.r.SessionFlowIntegrationTest         : The following 1 profile is active: "batch"
2026-01-13T14:27:34.800+05:30  INFO 26140 --- [restaurantpicker] [           main] .s.d.r.c.RepositoryConfigurationDelegate : Bootstrapping Spring Data JPA repositories in DEFAULT mode.
2026-01-13T14:27:34.819+05:30  INFO 26140 --- [restaurantpicker] [           main] .s.d.r.c.RepositoryConfigurationDelegate : Finished Spring Data repository scanning in 16 ms. Found 4 JPA repository interfaces.
2026-01-13T14:27:34.904+05:30  INFO 26140 --- [restaurantpicker] [           main] com.zaxxer.hikari.HikariDataSource       : HikariPool-3 - Starting...
2026-01-13T14:27:34.904+05:30  INFO 26140 --- [restaurantpicker] [           main] com.zaxxer.hikari.pool.HikariPool        : HikariPool-3 - Added connection conn20: url=jdbc:h2:mem:restaurantpickerdb user=ROOT
2026-01-13T14:27:34.904+05:30  INFO 26140 --- [restaurantpicker] [           main] com.zaxxer.hikari.HikariDataSource       : HikariPool-3 - Start completed.
2026-01-13T14:27:34.949+05:30  INFO 26140 --- [restaurantpicker] [           main] o.hibernate.jpa.internal.util.LogHelper  : HHH000204: Processing PersistenceUnitInfo [name: default]
2026-01-13T14:27:34.956+05:30  INFO 26140 --- [restaurantpicker] [           main] o.h.c.internal.RegionFactoryInitiator    : HHH000026: Second-level cache disabled
2026-01-13T14:27:34.972+05:30  INFO 26140 --- [restaurantpicker] [           main] o.s.o.j.p.SpringPersistenceUnitInfo      : No LoadTimeWeaver setup: ignoring JPA class transformer
2026-01-13T14:27:34.974+05:30  INFO 26140 --- [restaurantpicker] [           main] org.hibernate.orm.connections.pooling    : HHH10001005: Database info:
	Database JDBC URL [Connecting through datasource 'HikariDataSource (HikariPool-3)']
	Database driver: undefined/unknown
	Database version: 2.3.232
	Autocommit mode: undefined/unknown
	Isolation level: undefined/unknown
	Minimum pool size: undefined/unknown
	Maximum pool size: undefined/unknown
2026-01-13T14:27:35.054+05:30  INFO 26140 --- [restaurantpicker] [           main] o.h.e.t.j.p.i.JtaPlatformInitiator       : HHH000489: No JTA platform available (set 'hibernate.transaction.jta.platform' to enable JTA platform integration)
Hibernate: create table restaurant_submission (id bigint generated by default as identity, restaurant_name varchar(255), session_id bigint, user_id bigint, primary key (id))
Hibernate: create table session_users (session_id bigint not null, user_id bigint not null, primary key (session_id, user_id))
Hibernate: create table sessions (id bigint generated by default as identity, created_by bigint not null, picked_restaurant varchar(255), status varchar(255) not null, primary key (id))
Hibernate: create table users (id bigint generated by default as identity, name varchar(255) not null, primary key (id))
2026-01-13T14:27:35.061+05:30  INFO 26140 --- [restaurantpicker] [           main] j.LocalContainerEntityManagerFactoryBean : Initialized JPA EntityManagerFactory for persistence unit 'default'
2026-01-13T14:27:35.104+05:30  INFO 26140 --- [restaurantpicker] [           main] o.s.b.c.l.s.TaskExecutorJobLauncher      : Job: [SimpleJob: [name=loadUsersJob]] launched with the following parameters: [{'run.id':'{value=1768294655097, type=class java.lang.Long, identifying=true}'}]
2026-01-13T14:27:35.114+05:30  INFO 26140 --- [restaurantpicker] [           main] o.s.batch.core.job.SimpleStepHandler     : Executing step: [loadUsersStep]
Hibernate: insert into users (name,id) values (?,default)
Hibernate: insert into users (name,id) values (?,default)
Hibernate: insert into users (name,id) values (?,default)
2026-01-13T14:27:35.131+05:30  INFO 26140 --- [restaurantpicker] [           main] o.s.batch.core.step.AbstractStep         : Step: [loadUsersStep] executed in 16ms
2026-01-13T14:27:35.143+05:30  INFO 26140 --- [restaurantpicker] [           main] o.s.b.c.l.s.TaskExecutorJobLauncher      : Job: [SimpleJob: [name=loadUsersJob]] completed with the following parameters: [{'run.id':'{value=1768294655097, type=class java.lang.Long, identifying=true}'}] and the following status: [COMPLETED] in 30ms
2026-01-13T14:27:35.211+05:30  WARN 26140 --- [restaurantpicker] [           main] JpaBaseConfiguration$JpaWebConfiguration : spring.jpa.open-in-view is enabled by default. Therefore, database queries may be performed during view rendering. Explicitly configure spring.jpa.open-in-view to disable this warning
2026-01-13T14:27:35.338+05:30  INFO 26140 --- [restaurantpicker] [           main] o.s.b.a.h2.H2ConsoleAutoConfiguration    : H2 console available at '/h2-console'. Database available at 'jdbc:h2:mem:restaurantpickerdb'
2026-01-13T14:27:35.361+05:30  INFO 26140 --- [restaurantpicker] [           main] c.g.r.SessionFlowIntegrationTest         : Started SessionFlowIntegrationTest in 0.901 seconds (process running for 11.009)
Hibernate: insert into users (name,id) values (?,default)
Hibernate: insert into users (name,id) values (?,default)
Hibernate: select count(*) from users u1_0 where u1_0.id=?
Hibernate: insert into sessions (created_by,picked_restaurant,status,id) values (?,?,?,default)
Hibernate: select su1_0.session_id,su1_0.user_id from session_users su1_0 where (su1_0.session_id,su1_0.user_id) in ((?,?))
Hibernate: select count(*) from users u1_0 where u1_0.id=?
Hibernate: insert into session_users (session_id,user_id) values (?,?)
Hibernate: select su1_0.user_id,su1_0.session_id from session_users su1_0 where su1_0.session_id=? and su1_0.user_id=? fetch first ? rows only
Hibernate: select su1_0.session_id,su1_0.user_id from session_users su1_0 where (su1_0.session_id,su1_0.user_id) in ((?,?))
Hibernate: select rs1_0.id,rs1_0.restaurant_name,rs1_0.session_id,rs1_0.user_id from restaurant_submission rs1_0 where rs1_0.session_id=?
]]></system-out>
  </testcase>
  <testcase name="submitRestaurant_shouldFail_whenUserHasNotJoinedSession" classname="com.govtech.restaurantpicker.SessionFlowIntegrationTest" time="0.016">
    <system-out><![CDATA[Hibernate: insert into users (name,id) values (?,default)
Hibernate: insert into users (name,id) values (?,default)
Hibernate: select count(*) from users u1_0 where u1_0.id=?
Hibernate: insert into sessions (created_by,picked_restaurant,status,id) values (?,?,?,default)
Hibernate: select su1_0.session_id,su1_0.user_id from session_users su1_0 where (su1_0.session_id,su1_0.user_id) in ((?,?))
Hibernate: insert into session_users (session_id,user_id) values (?,?)
Hibernate: select su1_0.user_id,su1_0.session_id from session_users su1_0 where su1_0.session_id=? and su1_0.user_id=? fetch first ? rows only
]]></system-out>
  </testcase>
  <testcase name="endSession_shouldFail_whenNonCreatorAttemptsToEndSession" classname="com.govtech.restaurantpicker.SessionFlowIntegrationTest" time="0.027">
    <system-out><![CDATA[Hibernate: insert into users (name,id) values (?,default)
Hibernate: insert into users (name,id) values (?,default)
Hibernate: select count(*) from users u1_0 where u1_0.id=?
Hibernate: insert into sessions (created_by,picked_restaurant,status,id) values (?,?,?,default)
Hibernate: select su1_0.session_id,su1_0.user_id from session_users su1_0 where (su1_0.session_id,su1_0.user_id) in ((?,?))
]]></system-out>
  </testcase>
  <testcase name="fullFlow_createJoinSubmitAndEndSession_shouldSucceed" classname="com.govtech.restaurantpicker.SessionFlowIntegrationTest" time="0.048">
    <system-out><![CDATA[Hibernate: insert into users (name,id) values (?,default)
Hibernate: insert into users (name,id) values (?,default)
Hibernate: select count(*) from users u1_0 where u1_0.id=?
Hibernate: insert into sessions (created_by,picked_restaurant,status,id) values (?,?,?,default)
Hibernate: select su1_0.session_id,su1_0.user_id from session_users su1_0 where (su1_0.session_id,su1_0.user_id) in ((?,?))
Hibernate: select count(*) from users u1_0 where u1_0.id=?
Hibernate: insert into session_users (session_id,user_id) values (?,?)
Hibernate: select su1_0.user_id,su1_0.session_id from session_users su1_0 where su1_0.session_id=? and su1_0.user_id=? fetch first ? rows only
Hibernate: select su1_0.session_id,su1_0.user_id from session_users su1_0 where (su1_0.session_id,su1_0.user_id) in ((?,?))
Hibernate: insert into session_users (session_id,user_id) values (?,?)
Hibernate: select su1_0.user_id,su1_0.session_id from session_users su1_0 where su1_0.session_id=? and su1_0.user_id=? fetch first ? rows only
Hibernate: select su1_0.user_id,su1_0.session_id from session_users su1_0 where su1_0.session_id=? and su1_0.user_id=? fetch first ? rows only
Hibernate: insert into restaurant_submission (restaurant_name,session_id,user_id,id) values (?,?,?,default)
Hibernate: select rs1_0.id,rs1_0.restaurant_name,rs1_0.session_id,rs1_0.user_id from restaurant_submission rs1_0 where rs1_0.session_id=?
Hibernate: select rs1_0.id,rs1_0.restaurant_name,rs1_0.session_id,rs1_0.user_id from restaurant_submission rs1_0 where rs1_0.session_id=?
]]></system-out>
  </testcase>
</testsuite>