<?xml version="1.0" encoding="UTF-8"?>
<testsuite xmlns:xsi="http://www.w3.org/2001/XMLSchema-instance" xsi:noNamespaceSchemaLocation="https://maven.apache.org/surefire/maven-surefire-plugin/xsd/surefire-test-report.xsd" version="3.0.2" name="com.govtech.restaurantpicker.batch.UserBatchJobTest" time="8.233" tests="1" errors="0" skipped="0" failures="0">
  <properties>
[...]
</properties>
  <testcase name="loadUsersJob_shouldInsertUsersSuccessfully" classname="com.govtech.restaurantpicker.batch.UserBatchJobTest" time="0.967">
    <system-out><![CDATA[14:27:25.378 [main] INFO org.springframework.test.context.support.AnnotationConfigContextLoaderUtils -- Could not detect default configuration classes for test class [com.govtech.restaurantpicker.batch.UserBatchJobTest]: UserBatchJobTest does not declare any static, non-private, non-final, nested classes annotated with @Configuration.
14:27:25.581 [main] INFO org.springframework.boot.test.context.SpringBootTestContextBootstrapper -- Found @SpringBootConfiguration com.govtech.restaurantpicker.RestaurantPickerApplication for test class com.govtech.restaurantpicker.batch.UserBatchJobTest

  .   ____          _            __ _ _
 /\\ / ___'_ __ _ _(_)_ __  __ _ \ \ \ \
( ( )\___ | '_ | '_| | '_ \/ _` | \ \ \ \
 \\/  ___)| |_)| | | | | || (_| |  ) ) ) )
  '  |____| .__|_| |_|_| |_\__, | / / / /
 =========|_|==============|___/=/_/_/_/

 :: Spring Boot ::                (v3.5.9)

2026-01-13T14:27:26.352+05:30  INFO 26140 --- [restaurantpicker] [           main] c.g.r.batch.UserBatchJobTest             : Starting UserBatchJobTest using Java 17.0.15 with PID 26140 (started by DELL in C:\Users\DELL\MyProject\govtech\restaurantpicker)
2026-01-13T14:27:26.354+05:30  INFO 26140 --- [restaurantpicker] [           main] c.g.r.batch.UserBatchJobTest             : The following 2 profiles are active: "test", "batch"
2026-01-13T14:27:27.552+05:30  INFO 26140 --- [restaurantpicker] [           main] .s.d.r.c.RepositoryConfigurationDelegate : Bootstrapping Spring Data JPA repositories in DEFAULT mode.
2026-01-13T14:27:27.678+05:30  INFO 26140 --- [restaurantpicker] [           main] .s.d.r.c.RepositoryConfigurationDelegate : Finished Spring Data repository scanning in 97 ms. Found 4 JPA repository interfaces.
2026-01-13T14:27:28.218+05:30  INFO 26140 --- [restaurantpicker] [           main] com.zaxxer.hikari.HikariDataSource       : HikariPool-1 - Starting...
2026-01-13T14:27:28.578+05:30  INFO 26140 --- [restaurantpicker] [           main] com.zaxxer.hikari.pool.HikariPool        : HikariPool-1 - Added connection conn0: url=jdbc:h2:mem:testdb user=SA
2026-01-13T14:27:28.581+05:30  INFO 26140 --- [restaurantpicker] [           main] com.zaxxer.hikari.HikariDataSource       : HikariPool-1 - Start completed.
2026-01-13T14:27:28.821+05:30  INFO 26140 --- [restaurantpicker] [           main] o.hibernate.jpa.internal.util.LogHelper  : HHH000204: Processing PersistenceUnitInfo [name: default]
2026-01-13T14:27:28.969+05:30  INFO 26140 --- [restaurantpicker] [           main] org.hibernate.Version                    : HHH000412: Hibernate ORM core version 6.6.39.Final
2026-01-13T14:27:29.035+05:30  INFO 26140 --- [restaurantpicker] [           main] o.h.c.internal.RegionFactoryInitiator    : HHH000026: Second-level cache disabled
2026-01-13T14:27:29.429+05:30  INFO 26140 --- [restaurantpicker] [           main] o.s.o.j.p.SpringPersistenceUnitInfo      : No LoadTimeWeaver setup: ignoring JPA class transformer
2026-01-13T14:27:29.551+05:30  INFO 26140 --- [restaurantpicker] [           main] org.hibernate.orm.connections.pooling    : HHH10001005: Database info:
	Database JDBC URL [Connecting through datasource 'HikariDataSource (HikariPool-1)']
	Database driver: undefined/unknown
	Database version: 2.3.232
	Autocommit mode: undefined/unknown
	Isolation level: undefined/unknown
	Minimum pool size: undefined/unknown
	Maximum pool size: undefined/unknown
2026-01-13T14:27:30.565+05:30  INFO 26140 --- [restaurantpicker] [           main] o.h.e.t.j.p.i.JtaPlatformInitiator       : HHH000489: No JTA platform available (set 'hibernate.transaction.jta.platform' to enable JTA platform integration)
2026-01-13T14:27:30.646+05:30  INFO 26140 --- [restaurantpicker] [           main] j.LocalContainerEntityManagerFactoryBean : Initialized JPA EntityManagerFactory for persistence unit 'default'
2026-01-13T14:27:31.207+05:30  INFO 26140 --- [restaurantpicker] [           main] o.s.b.c.l.s.TaskExecutorJobLauncher      : Job: [SimpleJob: [name=loadUsersJob]] launched with the following parameters: [{'run.id':'{value=1768294651096, type=class java.lang.Long, identifying=true}'}]
2026-01-13T14:27:31.242+05:30  INFO 26140 --- [restaurantpicker] [           main] o.s.batch.core.job.SimpleStepHandler     : Executing step: [loadUsersStep]
2026-01-13T14:27:31.401+05:30  INFO 26140 --- [restaurantpicker] [           main] o.s.batch.core.step.AbstractStep         : Step: [loadUsersStep] executed in 157ms
2026-01-13T14:27:31.408+05:30  INFO 26140 --- [restaurantpicker] [           main] o.s.b.c.l.s.TaskExecutorJobLauncher      : Job: [SimpleJob: [name=loadUsersJob]] completed with the following parameters: [{'run.id':'{value=1768294651096, type=class java.lang.Long, identifying=true}'}] and the following status: [COMPLETED] in 182ms
2026-01-13T14:27:31.767+05:30  WARN 26140 --- [restaurantpicker] [           main] JpaBaseConfiguration$JpaWebConfiguration : spring.jpa.open-in-view is enabled by default. Therefore, database queries may be performed during view rendering. Explicitly configure spring.jpa.open-in-view to disable this warning
2026-01-13T14:27:32.348+05:30  INFO 26140 --- [restaurantpicker] [           main] c.g.r.batch.UserBatchJobTest             : Started UserBatchJobTest in 6.5 seconds (process running for 7.993)
2026-01-13T14:27:33.251+05:30  INFO 26140 --- [restaurantpicker] [           main] o.s.b.c.l.s.TaskExecutorJobLauncher      : Job: [SimpleJob: [name=loadUsersJob]] launched with the following parameters: [{'random':'{value=-4905312697712695006, type=class java.lang.Long, identifying=true}'}]
2026-01-13T14:27:33.257+05:30  INFO 26140 --- [restaurantpicker] [           main] o.s.batch.core.job.SimpleStepHandler     : Executing step: [loadUsersStep]
2026-01-13T14:27:33.265+05:30  INFO 26140 --- [restaurantpicker] [           main] o.s.batch.core.step.AbstractStep         : Step: [loadUsersStep] executed in 8ms
2026-01-13T14:27:33.270+05:30  INFO 26140 --- [restaurantpicker] [           main] o.s.b.c.l.s.TaskExecutorJobLauncher      : Job: [SimpleJob: [name=loadUsersJob]] completed with the following parameters: [{'random':'{value=-4905312697712695006, type=class java.lang.Long, identifying=true}'}] and the following status: [COMPLETED] in 19ms
]]></system-out>
  </testcase>
</testsuite>