<?xml version="1.0" encoding="UTF-8"?>
<testsuite xmlns:xsi="http://www.w3.org/2001/XMLSchema-instance" xsi:noNamespaceSchemaLocation="https://maven.apache.org/surefire/maven-surefire-plugin/xsd/surefire-test-report.xsd" version="3.0.2" name="com.govtech.restaurantpicker.service.SessionServiceTest" time="0.164" tests="1" errors="0" skipped="0" failures="0">
  <properties>
[...]
</properties>
  <testcase name="shouldCreateSession_whenValidUserExists" classname="com.govtech.restaurantpicker.service.SessionServiceTest" time="0.124">
    <system-out><![CDATA[2026-01-13T14:27:34.281+05:30  INFO 26140 --- [restaurantpicker] [           main] t.c.s.AnnotationConfigContextLoaderUtils : Could not detect default configuration classes for test class [com.govtech.restaurantpicker.service.SessionServiceTest]: SessionServiceTest does not declare any static, non-private, non-final, nested classes annotated with @Configuration.
2026-01-13T14:27:34.311+05:30  INFO 26140 --- [restaurantpicker] [           main] .b.t.c.SpringBootTestContextBootstrapper : Found @SpringBootConfiguration com.govtech.restaurantpicker.RestaurantPickerApplication for test class com.govtech.restaurantpicker.service.SessionServiceTest
]]></system-out>
  </testcase>
</testsuite>